<?xml version="1.0" encoding="UTF-8"?>
<!-- Generated by org.testng.reporters.JUnitReportReporter -->
<testsuite hostname="DESKTOP-6A0GG4P" failures="0" tests="1" name="chotot.login.Login_via_Mobile_Number" time="1.297" errors="0" timestamp="06 Jul 2021 01:27:34 GMT" skipped="0">
  <testcase classname="chotot.login.Login_via_Mobile_Number" name="Login_02_Using_Invalid_Mobile_Number_And_Valid_Password" time="1.297"/>
</testsuite> <!-- chotot.login.Login_via_Mobile_Number -->
